d:\project\lab1\lab1\lab1\debug\vc140.pdb
d:\project\lab1\lab1\lab1\debug\vc140.idb
d:\project\lab1\lab1\lab1\debug\kmvector3f.obj
d:\project\lab1\lab1\lab1\debug\kmwindow.obj
d:\project\lab1\lab1\lab1\debug\kmlist.obj
d:\project\lab1\lab1\lab1\debug\main.obj
d:\project\lab1\lab1\lab1\debug\toobar.res
d:\project\lab1\lab1\debug\lab1.pdb
d:\project\lab1\lab1\lab1\debug\lab1.tlog\cl.command.1.tlog
d:\project\lab1\lab1\lab1\debug\lab1.tlog\cl.read.1.tlog
d:\project\lab1\lab1\lab1\debug\lab1.tlog\cl.write.1.tlog
d:\project\lab1\lab1\lab1\debug\lab1.tlog\link-cvtres.read.1.tlog
d:\project\lab1\lab1\lab1\debug\lab1.tlog\link-cvtres.write.1.tlog
d:\project\lab1\lab1\lab1\debug\lab1.tlog\link-rc.read.1.tlog
d:\project\lab1\lab1\lab1\debug\lab1.tlog\link-rc.write.1.tlog
d:\project\lab1\lab1\lab1\debug\lab1.tlog\link.command.1.tlog
d:\project\lab1\lab1\lab1\debug\lab1.tlog\link.read.1.tlog
d:\project\lab1\lab1\lab1\debug\lab1.tlog\link.write.1.tlog
d:\project\lab1\lab1\lab1\debug\lab1.tlog\rc.command.1.tlog
d:\project\lab1\lab1\lab1\debug\lab1.tlog\rc.read.1.tlog
d:\project\lab1\lab1\lab1\debug\lab1.tlog\rc.write.1.tlog
